<?xml version="1.0" encoding="UTF-8"?>
<!-- Generated by org.testng.reporters.JUnitXMLReporter -->
<testsuite ignored="0" hostname="DESKTOP-IKD2D8I" failures="1" tests="1" name="Test" time="17.259" errors="0" timestamp="2024-05-17T12:50:40 IST">
  <testcase classname="practice.Program" name="createORG" time="6.611">
    <failure type="java.lang.AssertionError" message="expected [true] but found [false]">
      <![CDATA[java.lang.AssertionError: expected [true] but found [false]
at practice.Program.createORG(Program.java:30)
at java.base/java.util.ArrayList.forEach(ArrayList.java:1511)
... Removed 31 stack frames]]>
    </failure>
  </testcase> <!-- createORG -->
</testsuite> <!-- Test -->
